<?xml version="1.0" encoding="UTF-8"?>
<!-- Generated by org.testng.reporters.JUnitReportReporter -->
<testsuite hostname="sys" failures="0" tests="1" name="testCases.TC_002_Login" time="3.371" errors="0" timestamp="2021-08-19T12:38:44 EDT" skipped="0">
  <testcase classname="testCases.TC_002_Login" name="test_Login" time="3.371"/>
  <system-out/>
</testsuite> <!-- testCases.TC_002_Login -->
