<?xml version="1.0" encoding="UTF-8"?>
<!-- Generated by org.testng.reporters.JUnitReportReporter -->
<testsuite hostname="sys" failures="0" tests="1" name="testCases.TC_001_AccountRegistartion" time="4.060" errors="0" timestamp="2021-08-19T12:39:36 EDT" skipped="0">
  <testcase classname="testCases.TC_001_AccountRegistartion" name="test_account_Registartion" time="4.060"/>
  <system-out/>
</testsuite> <!-- testCases.TC_001_AccountRegistartion -->
